# JRE version: Java(TM) SE Runtime Environment (8.0_66-b17) (build 1.8.0_66-b17)
# Java VM: Java HotSpot(TM) 64-Bit Server VM (25.66-b17 mixed mode windows-amd64 compressed oops)
Heap:
 PSYoungGen      total 183808K, used 27610K [0x00000000d5580000, 0x00000000e2580000, 0x0000000100000000)
  eden space 171520K, 8% used [0x00000000d5580000,0x00000000d647c440,0x00000000dfd00000)
  from space 12288K, 99% used [0x00000000e0e80000,0x00000000e1a7a6c0,0x00000000e1a80000)
  to   space 17920K, 0% used [0x00000000dfd00000,0x00000000dfd00000,0x00000000e0e80000)
 ParOldGen       total 66048K, used 26042K [0x0000000080000000, 0x0000000084080000, 0x00000000d5580000)
  object space 66048K, 39% used [0x0000000080000000,0x000000008196e988,0x0000000084080000)
 Metaspace       used 52232K, capacity 54442K, committed 54824K, reserved 1095680K
  class space    used 7164K, capacity 7621K, committed 7720K, reserved 1048576K
GC Heap History (10 events):
Event: 8.667 GC heap before
{Heap before GC invocations=10 (full 1):
 PSYoungGen      total 105472K, used 96256K [0x00000000d5580000, 0x00000000dc580000, 0x0000000100000000)
  eden space 96256K, 100% used [0x00000000d5580000,0x00000000db380000,0x00000000db380000)
  from space 9216K, 0% used [0x00000000dbc80000,0x00000000dbc80000,0x00000000dc580000)
  to   space 9216K, 0% used [0x00000000db380000,0x00000000db380000,0x00000000dbc80000)
 ParOldGen       total 42496K, used 7202K [0x0000000080000000, 0x0000000082980000, 0x00000000d5580000)
  object space 42496K, 16% used [0x0000000080000000,0x0000000080708bd8,0x0000000082980000)
 Metaspace       used 31373K, capacity 32454K, committed 32640K, reserved 1077248K
  class space    used 4329K, capacity 4610K, committed 4736K, reserved 1048576K
Event: 8.685 GC heap after
Heap after GC invocations=10 (full 1):
 PSYoungGen      total 105472K, used 9203K [0x00000000d5580000, 0x00000000dee00000, 0x0000000100000000)
  eden space 96256K, 0% used [0x00000000d5580000,0x00000000d5580000,0x00000000db380000)
  from space 9216K, 99% used [0x00000000db380000,0x00000000dbc7cdb0,0x00000000dbc80000)
  to   space 10752K, 0% used [0x00000000de380000,0x00000000de380000,0x00000000dee00000)
 ParOldGen       total 42496K, used 8844K [0x0000000080000000, 0x0000000082980000, 0x00000000d5580000)
  object space 42496K, 20% used [0x0000000080000000,0x00000000808a33b0,0x0000000082980000)
 Metaspace       used 31373K, capacity 32454K, committed 32640K, reserved 1077248K
  class space    used 4329K, capacity 4610K, committed 4736K, reserved 1048576K
}
Event: 10.194 GC heap before
{Heap before GC invocations=11 (full 1):
 PSYoungGen      total 105472K, used 69071K [0x00000000d5580000, 0x00000000dee00000, 0x0000000100000000)
  eden space 96256K, 62% used [0x00000000d5580000,0x00000000d8ff6f28,0x00000000db380000)
  from space 9216K, 99% used [0x00000000db380000,0x00000000dbc7cdb0,0x00000000dbc80000)
  to   space 10752K, 0% used [0x00000000de380000,0x00000000de380000,0x00000000dee00000)
 ParOldGen       total 42496K, used 8844K [0x0000000080000000, 0x0000000082980000, 0x00000000d5580000)
  object space 42496K, 20% used [0x0000000080000000,0x00000000808a33b0,0x0000000082980000)
 Metaspace       used 34104K, capacity 35370K, committed 35496K, reserved 1079296K
  class space    used 4709K, capacity 5006K, committed 5032K, reserved 1048576K
Event: 10.216 GC heap after
Heap after GC invocations=11 (full 1):
 PSYoungGen      total 144384K, used 8971K [0x00000000d5580000, 0x00000000def00000, 0x0000000100000000)
  eden space 133632K, 0% used [0x00000000d5580000,0x00000000d5580000,0x00000000dd800000)
  from space 10752K, 83% used [0x00000000de380000,0x00000000dec42c88,0x00000000dee00000)
  to   space 11776K, 0% used [0x00000000dd800000,0x00000000dd800000,0x00000000de380000)
 ParOldGen       total 42496K, used 8852K [0x0000000080000000, 0x0000000082980000, 0x00000000d5580000)
  object space 42496K, 20% used [0x0000000080000000,0x00000000808a53b0,0x0000000082980000)
 Metaspace       used 34104K, capacity 35370K, committed 35496K, reserved 1079296K
  class space    used 4709K, capacity 5006K, committed 5032K, reserved 1048576K
}
Event: 10.216 GC heap before
{Heap before GC invocations=12 (full 2):
 PSYoungGen      total 144384K, used 8971K [0x00000000d5580000, 0x00000000def00000, 0x0000000100000000)
  eden space 133632K, 0% used [0x00000000d5580000,0x00000000d5580000,0x00000000dd800000)
  from space 10752K, 83% used [0x00000000de380000,0x00000000dec42c88,0x00000000dee00000)
  to   space 11776K, 0% used [0x00000000dd800000,0x00000000dd800000,0x00000000de380000)
 ParOldGen       total 42496K, used 8852K [0x0000000080000000, 0x0000000082980000, 0x00000000d5580000)
  object space 42496K, 20% used [0x0000000080000000,0x00000000808a53b0,0x0000000082980000)
 Metaspace       used 34104K, capacity 35370K, committed 35496K, reserved 1079296K
  class space    used 4709K, capacity 5006K, committed 5032K, reserved 1048576K
Event: 10.295 GC heap after
Heap after GC invocations=12 (full 2):
 PSYoungGen      total 144384K, used 0K [0x00000000d5580000, 0x00000000def00000, 0x0000000100000000)
  eden space 133632K, 0% used [0x00000000d5580000,0x00000000d5580000,0x00000000dd800000)
  from space 10752K, 0% used [0x00000000de380000,0x00000000de380000,0x00000000dee00000)
  to   space 11776K, 0% used [0x00000000dd800000,0x00000000dd800000,0x00000000de380000)
 ParOldGen       total 66048K, used 15815K [0x0000000080000000, 0x0000000084080000, 0x00000000d5580000)
  object space 66048K, 23% used [0x0000000080000000,0x0000000080f71fc8,0x0000000084080000)
 Metaspace       used 34104K, capacity 35370K, committed 35496K, reserved 1079296K
  class space    used 4709K, capacity 5006K, committed 5032K, reserved 1048576K
}
Event: 16.173 GC heap before
{Heap before GC invocations=13 (full 2):
 PSYoungGen      total 144384K, used 133632K [0x00000000d5580000, 0x00000000def00000, 0x0000000100000000)
  eden space 133632K, 100% used [0x00000000d5580000,0x00000000dd800000,0x00000000dd800000)
  from space 10752K, 0% used [0x00000000de380000,0x00000000de380000,0x00000000dee00000)
  to   space 11776K, 0% used [0x00000000dd800000,0x00000000dd800000,0x00000000de380000)
 ParOldGen       total 66048K, used 15815K [0x0000000080000000, 0x0000000084080000, 0x00000000d5580000)
  object space 66048K, 23% used [0x0000000080000000,0x0000000080f71fc8,0x0000000084080000)
 Metaspace       used 38818K, capacity 40662K, committed 41000K, reserved 1085440K
  class space    used 5470K, capacity 5832K, committed 5928K, reserved 1048576K
Event: 16.270 GC heap after
Heap after GC invocations=13 (full 2):
 PSYoungGen      total 145408K, used 9589K [0x00000000d5580000, 0x00000000e1a80000, 0x0000000100000000)
  eden space 133632K, 0% used [0x00000000d5580000,0x00000000d5580000,0x00000000dd800000)
  from space 11776K, 81% used [0x00000000dd800000,0x00000000de15d478,0x00000000de380000)
  to   space 12288K, 0% used [0x00000000e0e80000,0x00000000e0e80000,0x00000000e1a80000)
 ParOldGen       total 66048K, used 15823K [0x0000000080000000, 0x0000000084080000, 0x00000000d5580000)
  object space 66048K, 23% used [0x0000000080000000,0x0000000080f73fc8,0x0000000084080000)
 Metaspace       used 38818K, capacity 40662K, committed 41000K, reserved 1085440K
  class space    used 5470K, capacity 5832K, committed 5928K, reserved 1048576K
}
Event: 26.249 GC heap before
{Heap before GC invocations=14 (full 2):
 PSYoungGen      total 145408K, used 143221K [0x00000000d5580000, 0x00000000e1a80000, 0x0000000100000000)
  eden space 133632K, 100% used [0x00000000d5580000,0x00000000dd800000,0x00000000dd800000)
  from space 11776K, 81% used [0x00000000dd800000,0x00000000de15d478,0x00000000de380000)
  to   space 12288K, 0% used [0x00000000e0e80000,0x00000000e0e80000,0x00000000e1a80000)
 ParOldGen       total 66048K, used 15823K [0x0000000080000000, 0x0000000084080000, 0x00000000d5580000)
  object space 66048K, 23% used [0x0000000080000000,0x0000000080f73fc8,0x0000000084080000)
 Metaspace       used 52202K, capacity 54338K, committed 54440K, reserved 1095680K
  class space    used 7157K, capacity 7585K, committed 7592K, reserved 1048576K
Event: 26.426 GC heap after
Heap after GC invocations=14 (full 2):
 PSYoungGen      total 183808K, used 12265K [0x00000000d5580000, 0x00000000e2580000, 0x0000000100000000)
  eden space 171520K, 0% used [0x00000000d5580000,0x00000000d5580000,0x00000000dfd00000)
  from space 12288K, 99% used [0x00000000e0e80000,0x00000000e1a7a6c0,0x00000000e1a80000)
  to   space 17920K, 0% used [0x00000000dfd00000,0x00000000dfd00000,0x00000000e0e80000)
 ParOldGen       total 66048K, used 26042K [0x0000000080000000, 0x0000000084080000, 0x00000000d5580000)
  object space 66048K, 39% used [0x0000000080000000,0x000000008196e988,0x0000000084080000)
 Metaspace       used 52202K, capacity 54338K, committed 54440K, reserved 1095680K
  class space    used 7157K, capacity 7585K, committed 7592K, reserved 1048576K
}

